{"C:\\Users\\tomas\\programacion\\BubbleTeeProject\\backend\\src\\App.ts": {"path":"C:\\Users\\tomas\\programacion\\BubbleTeeProject\\backend\\src\\App.ts","statementMap":{"0":{"start":{"line":1,"column":0},"end":{"line":1,"column":30}},"1":{"start":{"line":2,"column":0},"end":{"line":2,"column":28}},"2":{"start":{"line":6,"column":0},"end":{"line":6,"column":16}},"3":{"start":{"line":8,"column":12},"end":{"line":8,"column":21}},"4":{"start":{"line":32,"column":9},"end":{"line":32,"column":12}},"5":{"start":{"line":10,"column":0},"end":{"line":10,"column":24}},"6":{"start":{"line":13,"column":0},"end":{"line":13,"column":77}},"7":{"start":{"line":15,"column":0},"end":{"line":15,"column":33}},"8":{"start":{"line":16,"column":0},"end":{"line":18,"column":3}},"9":{"start":{"line":17,"column":4},"end":{"line":17,"column":52}}},"fnMap":{"0":{"name":"(anonymous_1)","decl":{"start":{"line":16,"column":13},"end":{"line":16,"column":14}},"loc":{"start":{"line":16,"column":71},"end":{"line":18,"column":1}}}},"branchMap":{},"s":{"0":2,"1":2,"2":2,"3":2,"4":2,"5":2,"6":2,"7":2,"8":2,"9":1},"f":{"0":1},"b":{}}
,"C:\\Users\\tomas\\programacion\\BubbleTeeProject\\backend\\src\\_context\\db\\postgres.connector.ts": {"path":"C:\\Users\\tomas\\programacion\\BubbleTeeProject\\backend\\src\\_context\\db\\postgres.connector.ts","statementMap":{"0":{"start":{"line":1,"column":0},"end":{"line":1,"column":26}},"1":{"start":{"line":2,"column":0},"end":{"line":2,"column":27}},"2":{"start":{"line":3,"column":0},"end":{"line":3,"column":null}},"3":{"start":{"line":5,"column":15},"end":{"line":5,"column":40}},"4":{"start":{"line":6,"column":15},"end":{"line":6,"column":40}},"5":{"start":{"line":7,"column":19},"end":{"line":7,"column":48}},"6":{"start":{"line":8,"column":15},"end":{"line":8,"column":40}},"7":{"start":{"line":10,"column":13},"end":{"line":14,"column":2}},"8":{"start":{"line":17,"column":21},"end":{"line":22,"column":null}},"9":{"start":{"line":17,"column":40},"end":{"line":22,"column":null}},"10":{"start":{"line":18,"column":19},"end":{"line":18,"column":39}},"11":{"start":{"line":19,"column":19},"end":{"line":19,"column":42}},"12":{"start":{"line":20,"column":4},"end":{"line":20,"column":null}},"13":{"start":{"line":21,"column":4},"end":{"line":21,"column":null}},"14":{"start":{"line":24,"column":0},"end":{"line":24,"column":28}}},"fnMap":{"0":{"name":"(anonymous_8)","decl":{"start":{"line":17,"column":21},"end":{"line":17,"column":28}},"loc":{"start":{"line":17,"column":40},"end":{"line":22,"column":null}}},"1":{"name":"(anonymous_9)","decl":{"start":{"line":17,"column":40},"end":{"line":17,"column":null}},"loc":{"start":{"line":17,"column":40},"end":{"line":22,"column":1}}}},"branchMap":{},"s":{"0":2,"1":2,"2":2,"3":2,"4":2,"5":2,"6":2,"7":2,"8":2,"9":6,"10":6,"11":6,"12":6,"13":6,"14":2},"f":{"0":6,"1":6},"b":{}}
,"C:\\Users\\tomas\\programacion\\BubbleTeeProject\\backend\\src\\_context\\security\\auth.ts": {"path":"C:\\Users\\tomas\\programacion\\BubbleTeeProject\\backend\\src\\_context\\security\\auth.ts","statementMap":{"0":{"start":{"line":3,"column":0},"end":{"line":3,"column":55}},"1":{"start":{"line":7,"column":27},"end":{"line":7,"column":55}},"2":{"start":{"line":9,"column":20},"end":{"line":19,"column":1}},"3":{"start":{"line":10,"column":20},"end":{"line":17,"column":6}},"4":{"start":{"line":18,"column":4},"end":{"line":18,"column":66}},"5":{"start":{"line":49,"column":9},"end":{"line":49,"column":20}},"6":{"start":{"line":21,"column":15},"end":{"line":37,"column":1}},"7":{"start":{"line":22,"column":4},"end":{"line":36,"column":null}},"8":{"start":{"line":23,"column":27},"end":{"line":23,"column":55}},"9":{"start":{"line":24,"column":42},"end":{"line":24,"column":80}},"10":{"start":{"line":25,"column":8},"end":{"line":29,"column":null}},"11":{"start":{"line":26,"column":33},"end":{"line":26,"column":62}},"12":{"start":{"line":27,"column":12},"end":{"line":27,"column":44}},"13":{"start":{"line":28,"column":12},"end":{"line":28,"column":19}},"14":{"start":{"line":31,"column":8},"end":{"line":31,"column":27}},"15":{"start":{"line":32,"column":33},"end":{"line":34,"column":10}},"16":{"start":{"line":35,"column":8},"end":{"line":35,"column":43}},"17":{"start":{"line":49,"column":22},"end":{"line":49,"column":28}},"18":{"start":{"line":39,"column":16},"end":{"line":47,"column":1}},"19":{"start":{"line":40,"column":4},"end":{"line":46,"column":null}},"20":{"start":{"line":41,"column":8},"end":{"line":43,"column":null}},"21":{"start":{"line":42,"column":12},"end":{"line":42,"column":19}},"22":{"start":{"line":45,"column":8},"end":{"line":45,"column":27}},"23":{"start":{"line":49,"column":30},"end":{"line":49,"column":37}}},"fnMap":{"0":{"name":"(anonymous_1)","decl":{"start":{"line":9,"column":20},"end":{"line":9,"column":21}},"loc":{"start":{"line":9,"column":49},"end":{"line":19,"column":1}}},"1":{"name":"(anonymous_2)","decl":{"start":{"line":21,"column":15},"end":{"line":21,"column":16}},"loc":{"start":{"line":21,"column":72},"end":{"line":37,"column":1}}},"2":{"name":"(anonymous_3)","decl":{"start":{"line":39,"column":16},"end":{"line":39,"column":17}},"loc":{"start":{"line":39,"column":68},"end":{"line":47,"column":1}}}},"branchMap":{"0":{"loc":{"start":{"line":24,"column":42},"end":{"line":24,"column":80}},"type":"binary-expr","locations":[{"start":{"line":24,"column":42},"end":{"line":24,"column":52}},{"start":{"line":24,"column":56},"end":{"line":24,"column":80}}]},"1":{"loc":{"start":{"line":25,"column":8},"end":{"line":29,"column":null}},"type":"if","locations":[{"start":{"line":25,"column":8},"end":{"line":29,"column":null}}]},"2":{"loc":{"start":{"line":41,"column":8},"end":{"line":43,"column":null}},"type":"if","locations":[{"start":{"line":41,"column":8},"end":{"line":43,"column":null}}]},"3":{"loc":{"start":{"line":41,"column":12},"end":{"line":41,"column":63}},"type":"binary-expr","locations":[{"start":{"line":41,"column":12},"end":{"line":41,"column":30}},{"start":{"line":41,"column":34},"end":{"line":41,"column":63}}]}},"s":{"0":2,"1":2,"2":2,"3":3,"4":3,"5":2,"6":2,"7":3,"8":3,"9":3,"10":3,"11":3,"12":3,"13":3,"14":0,"15":0,"16":0,"17":2,"18":2,"19":1,"20":1,"21":1,"22":0,"23":2},"f":{"0":3,"1":3,"2":1},"b":{"0":[3,3],"1":[3],"2":[1],"3":[1,1]}}
,"C:\\Users\\tomas\\programacion\\BubbleTeeProject\\backend\\src\\_context\\security\\encrypter.ts": {"path":"C:\\Users\\tomas\\programacion\\BubbleTeeProject\\backend\\src\\_context\\security\\encrypter.ts","statementMap":{"0":{"start":{"line":1,"column":0},"end":{"line":1,"column":28}},"1":{"start":{"line":2,"column":19},"end":{"line":2,"column":21}},"2":{"start":{"line":4,"column":13},"end":{"line":6,"column":1}},"3":{"start":{"line":5,"column":4},"end":{"line":5,"column":53}},"4":{"start":{"line":12,"column":9},"end":{"line":12,"column":13}},"5":{"start":{"line":8,"column":16},"end":{"line":10,"column":1}},"6":{"start":{"line":9,"column":4},"end":{"line":9,"column":55}},"7":{"start":{"line":12,"column":15},"end":{"line":12,"column":22}}},"fnMap":{"0":{"name":"(anonymous_1)","decl":{"start":{"line":4,"column":13},"end":{"line":4,"column":14}},"loc":{"start":{"line":4,"column":38},"end":{"line":6,"column":1}}},"1":{"name":"(anonymous_2)","decl":{"start":{"line":8,"column":16},"end":{"line":8,"column":17}},"loc":{"start":{"line":8,"column":61},"end":{"line":10,"column":1}}}},"branchMap":{},"s":{"0":2,"1":2,"2":2,"3":0,"4":2,"5":2,"6":4,"7":2},"f":{"0":0,"1":4},"b":{}}
,"C:\\Users\\tomas\\programacion\\BubbleTeeProject\\backend\\src\\appuser\\application\\appuser.usecases.ts": {"path":"C:\\Users\\tomas\\programacion\\BubbleTeeProject\\backend\\src\\appuser\\application\\appuser.usecases.ts","statementMap":{"0":{"start":{"line":1,"column":0},"end":{"line":1,"column":59}},"1":{"start":{"line":9,"column":8},"end":{"line":9,"column":51}},"2":{"start":{"line":12,"column":8},"end":{"line":12,"column":60}},"3":{"start":{"line":15,"column":8},"end":{"line":15,"column":59}},"4":{"start":{"line":18,"column":8},"end":{"line":18,"column":60}},"5":{"start":{"line":21,"column":8},"end":{"line":21,"column":60}},"6":{"start":{"line":24,"column":8},"end":{"line":24,"column":71}},"7":{"start":{"line":27,"column":8},"end":{"line":27,"column":61}},"8":{"start":{"line":31,"column":27},"end":{"line":37,"column":null}},"9":{"start":{"line":38,"column":8},"end":{"line":38,"column":null}},"10":{"start":{"line":6,"column":0},"end":{"line":6,"column":21}}},"fnMap":{"0":{"name":"(anonymous_7)","decl":{"start":{"line":8,"column":4},"end":{"line":8,"column":16}},"loc":{"start":{"line":8,"column":52},"end":{"line":10,"column":5}}},"1":{"name":"(anonymous_8)","decl":{"start":{"line":11,"column":10},"end":{"line":11,"column":16}},"loc":{"start":{"line":11,"column":33},"end":{"line":13,"column":null}}},"2":{"name":"(anonymous_10)","decl":{"start":{"line":14,"column":10},"end":{"line":14,"column":15}},"loc":{"start":{"line":14,"column":32},"end":{"line":16,"column":null}}},"3":{"name":"(anonymous_12)","decl":{"start":{"line":17,"column":10},"end":{"line":17,"column":16}},"loc":{"start":{"line":17,"column":33},"end":{"line":19,"column":null}}},"4":{"name":"(anonymous_14)","decl":{"start":{"line":20,"column":10},"end":{"line":20,"column":16}},"loc":{"start":{"line":20,"column":33},"end":{"line":22,"column":null}}},"5":{"name":"(anonymous_16)","decl":{"start":{"line":23,"column":10},"end":{"line":23,"column":24}},"loc":{"start":{"line":23,"column":43},"end":{"line":25,"column":null}}},"6":{"name":"(anonymous_18)","decl":{"start":{"line":26,"column":10},"end":{"line":26,"column":24}},"loc":{"start":{"line":26,"column":24},"end":{"line":28,"column":null}}},"7":{"name":"(anonymous_20)","decl":{"start":{"line":30,"column":4},"end":{"line":30,"column":17}},"loc":{"start":{"line":30,"column":34},"end":{"line":39,"column":5}}}},"branchMap":{},"s":{"0":2,"1":2,"2":0,"3":4,"4":0,"5":0,"6":1,"7":1,"8":3,"9":3,"10":2},"f":{"0":2,"1":0,"2":4,"3":0,"4":0,"5":1,"6":1,"7":3},"b":{}}
,"C:\\Users\\tomas\\programacion\\BubbleTeeProject\\backend\\src\\appuser\\infrastructure\\db\\appuser.repository.postgresql.ts": {"path":"C:\\Users\\tomas\\programacion\\BubbleTeeProject\\backend\\src\\appuser\\infrastructure\\db\\appuser.repository.postgresql.ts","statementMap":{"0":{"start":{"line":3,"column":0},"end":{"line":3,"column":69}},"1":{"start":{"line":5,"column":0},"end":{"line":5,"column":69}},"2":{"start":{"line":11,"column":8},"end":{"line":24,"column":null}},"3":{"start":{"line":12,"column":12},"end":{"line":23,"column":null}},"4":{"start":{"line":14,"column":28},"end":{"line":14,"column":230}},"5":{"start":{"line":15,"column":41},"end":{"line":15,"column":64}},"6":{"start":{"line":16,"column":16},"end":{"line":16,"column":61}},"7":{"start":{"line":17,"column":16},"end":{"line":17,"column":49}},"8":{"start":{"line":18,"column":16},"end":{"line":18,"column":38}},"9":{"start":{"line":19,"column":16},"end":{"line":19,"column":null}},"10":{"start":{"line":22,"column":16},"end":{"line":22,"column":null}},"11":{"start":{"line":25,"column":33},"end":{"line":27,"column":null}},"12":{"start":{"line":28,"column":8},"end":{"line":28,"column":null}},"13":{"start":{"line":30,"column":8},"end":{"line":30,"column":null}},"14":{"start":{"line":34,"column":8},"end":{"line":64,"column":null}},"15":{"start":{"line":35,"column":12},"end":{"line":56,"column":null}},"16":{"start":{"line":36,"column":28},"end":{"line":36,"column":91}},"17":{"start":{"line":37,"column":41},"end":{"line":37,"column":64}},"18":{"start":{"line":39,"column":16},"end":{"line":49,"column":null}},"19":{"start":{"line":41,"column":20},"end":{"line":41,"column":65}},"20":{"start":{"line":42,"column":20},"end":{"line":42,"column":61}},"21":{"start":{"line":43,"column":20},"end":{"line":43,"column":55}},"22":{"start":{"line":44,"column":20},"end":{"line":44,"column":53}},"23":{"start":{"line":45,"column":20},"end":{"line":45,"column":42}},"24":{"start":{"line":46,"column":20},"end":{"line":46,"column":35}},"25":{"start":{"line":48,"column":20},"end":{"line":48,"column":null}},"26":{"start":{"line":52,"column":41},"end":{"line":54,"column":null}},"27":{"start":{"line":55,"column":16},"end":{"line":55,"column":37}},"28":{"start":{"line":57,"column":37},"end":{"line":59,"column":null}},"29":{"start":{"line":60,"column":12},"end":{"line":60,"column":null}},"30":{"start":{"line":65,"column":8},"end":{"line":65,"column":null}},"31":{"start":{"line":68,"column":8},"end":{"line":85,"column":null}},"32":{"start":{"line":69,"column":12},"end":{"line":79,"column":null}},"33":{"start":{"line":70,"column":28},"end":{"line":70,"column":164}},"34":{"start":{"line":71,"column":41},"end":{"line":71,"column":64}},"35":{"start":{"line":72,"column":16},"end":{"line":72,"column":51}},"36":{"start":{"line":73,"column":16},"end":{"line":73,"column":57}},"37":{"start":{"line":74,"column":16},"end":{"line":74,"column":38}},"38":{"start":{"line":76,"column":16},"end":{"line":76,"column":null}},"39":{"start":{"line":78,"column":16},"end":{"line":78,"column":null}},"40":{"start":{"line":81,"column":37},"end":{"line":83,"column":null}},"41":{"start":{"line":84,"column":12},"end":{"line":84,"column":null}},"42":{"start":{"line":86,"column":8},"end":{"line":86,"column":29}},"43":{"start":{"line":89,"column":8},"end":{"line":103,"column":null}},"44":{"start":{"line":90,"column":12},"end":{"line":97,"column":null}},"45":{"start":{"line":91,"column":28},"end":{"line":91,"column":104}},"46":{"start":{"line":92,"column":41},"end":{"line":92,"column":64}},"47":{"start":{"line":93,"column":16},"end":{"line":93,"column":61}},"48":{"start":{"line":94,"column":16},"end":{"line":94,"column":null}},"49":{"start":{"line":96,"column":16},"end":{"line":96,"column":null}},"50":{"start":{"line":99,"column":37},"end":{"line":101,"column":null}},"51":{"start":{"line":102,"column":12},"end":{"line":102,"column":null}},"52":{"start":{"line":104,"column":8},"end":{"line":104,"column":29}},"53":{"start":{"line":109,"column":8},"end":{"line":134,"column":null}},"54":{"start":{"line":110,"column":12},"end":{"line":133,"column":null}},"55":{"start":{"line":111,"column":28},"end":{"line":111,"column":85}},"56":{"start":{"line":112,"column":41},"end":{"line":112,"column":64}},"57":{"start":{"line":113,"column":16},"end":{"line":130,"column":null}},"58":{"start":{"line":114,"column":45},"end":{"line":122,"column":null}},"59":{"start":{"line":123,"column":20},"end":{"line":123,"column":null}},"60":{"start":{"line":126,"column":45},"end":{"line":128,"column":null}},"61":{"start":{"line":129,"column":20},"end":{"line":129,"column":null}},"62":{"start":{"line":132,"column":16},"end":{"line":132,"column":null}},"63":{"start":{"line":135,"column":33},"end":{"line":137,"column":null}},"64":{"start":{"line":138,"column":8},"end":{"line":138,"column":null}},"65":{"start":{"line":139,"column":8},"end":{"line":139,"column":29}},"66":{"start":{"line":143,"column":8},"end":{"line":161,"column":null}},"67":{"start":{"line":144,"column":24},"end":{"line":144,"column":108}},"68":{"start":{"line":145,"column":38},"end":{"line":145,"column":61}},"69":{"start":{"line":146,"column":40},"end":{"line":146,"column":42}},"70":{"start":{"line":147,"column":12},"end":{"line":157,"column":15}},"71":{"start":{"line":148,"column":41},"end":{"line":155,"column":null}},"72":{"start":{"line":156,"column":16},"end":{"line":156,"column":null}},"73":{"start":{"line":158,"column":12},"end":{"line":158,"column":null}},"74":{"start":{"line":160,"column":12},"end":{"line":160,"column":null}},"75":{"start":{"line":162,"column":8},"end":{"line":162,"column":31}},"76":{"start":{"line":8,"column":0},"end":{"line":8,"column":21}}},"fnMap":{"0":{"name":"(anonymous_8)","decl":{"start":{"line":10,"column":10},"end":{"line":10,"column":16}},"loc":{"start":{"line":10,"column":33},"end":{"line":31,"column":null}}},"1":{"name":"(anonymous_10)","decl":{"start":{"line":32,"column":10},"end":{"line":32,"column":15}},"loc":{"start":{"line":32,"column":32},"end":{"line":66,"column":null}}},"2":{"name":"(anonymous_12)","decl":{"start":{"line":67,"column":10},"end":{"line":67,"column":16}},"loc":{"start":{"line":67,"column":33},"end":{"line":87,"column":null}}},"3":{"name":"(anonymous_14)","decl":{"start":{"line":88,"column":10},"end":{"line":88,"column":16}},"loc":{"start":{"line":88,"column":33},"end":{"line":107,"column":null}}},"4":{"name":"(anonymous_16)","decl":{"start":{"line":108,"column":10},"end":{"line":108,"column":24}},"loc":{"start":{"line":108,"column":43},"end":{"line":141,"column":null}}},"5":{"name":"(anonymous_18)","decl":{"start":{"line":142,"column":10},"end":{"line":142,"column":24}},"loc":{"start":{"line":142,"column":24},"end":{"line":163,"column":null}}},"6":{"name":"(anonymous_20)","decl":{"start":{"line":147,"column":31},"end":{"line":147,"column":40}},"loc":{"start":{"line":147,"column":43},"end":{"line":157,"column":13}}}},"branchMap":{"0":{"loc":{"start":{"line":11,"column":8},"end":{"line":24,"column":null}},"type":"if","locations":[{"start":{"line":11,"column":8},"end":{"line":24,"column":null}}]},"1":{"loc":{"start":{"line":11,"column":12},"end":{"line":11,"column":102}},"type":"binary-expr","locations":[{"start":{"line":11,"column":12},"end":{"line":11,"column":25}},{"start":{"line":11,"column":29},"end":{"line":11,"column":45}},{"start":{"line":11,"column":49},"end":{"line":11,"column":61}},{"start":{"line":11,"column":65},"end":{"line":11,"column":82}},{"start":{"line":11,"column":86},"end":{"line":11,"column":102}}]},"2":{"loc":{"start":{"line":34,"column":8},"end":{"line":64,"column":null}},"type":"if","locations":[{"start":{"line":34,"column":8},"end":{"line":64,"column":null}}]},"3":{"loc":{"start":{"line":34,"column":12},"end":{"line":34,"column":48}},"type":"binary-expr","locations":[{"start":{"line":34,"column":12},"end":{"line":34,"column":28}},{"start":{"line":34,"column":32},"end":{"line":34,"column":48}}]},"4":{"loc":{"start":{"line":39,"column":16},"end":{"line":49,"column":null}},"type":"if","locations":[{"start":{"line":39,"column":16},"end":{"line":49,"column":null}},{"start":{"line":47,"column":23},"end":{"line":49,"column":null}}]},"5":{"loc":{"start":{"line":39,"column":20},"end":{"line":39,"column":81}},"type":"binary-expr","locations":[{"start":{"line":39,"column":20},"end":{"line":39,"column":29}},{"start":{"line":39,"column":33},"end":{"line":39,"column":81}}]},"6":{"loc":{"start":{"line":68,"column":8},"end":{"line":85,"column":null}},"type":"if","locations":[{"start":{"line":68,"column":8},"end":{"line":85,"column":null}},{"start":{"line":80,"column":15},"end":{"line":85,"column":null}}]},"7":{"loc":{"start":{"line":68,"column":12},"end":{"line":68,"column":87}},"type":"binary-expr","locations":[{"start":{"line":68,"column":12},"end":{"line":68,"column":30}},{"start":{"line":68,"column":34},"end":{"line":68,"column":47}},{"start":{"line":68,"column":51},"end":{"line":68,"column":67}},{"start":{"line":68,"column":71},"end":{"line":68,"column":87}}]},"8":{"loc":{"start":{"line":89,"column":8},"end":{"line":103,"column":null}},"type":"if","locations":[{"start":{"line":89,"column":8},"end":{"line":103,"column":null}},{"start":{"line":98,"column":15},"end":{"line":103,"column":null}}]},"9":{"loc":{"start":{"line":109,"column":8},"end":{"line":134,"column":null}},"type":"if","locations":[{"start":{"line":109,"column":8},"end":{"line":134,"column":null}}]},"10":{"loc":{"start":{"line":113,"column":16},"end":{"line":130,"column":null}},"type":"if","locations":[{"start":{"line":113,"column":16},"end":{"line":130,"column":null}},{"start":{"line":125,"column":21},"end":{"line":130,"column":null}}]}},"s":{"0":2,"1":2,"2":0,"3":0,"4":0,"5":0,"6":0,"7":0,"8":0,"9":0,"10":0,"11":0,"12":0,"13":0,"14":4,"15":4,"16":4,"17":4,"18":4,"19":3,"20":3,"21":3,"22":3,"23":3,"24":3,"25":1,"26":1,"27":1,"28":1,"29":1,"30":1,"31":0,"32":0,"33":0,"34":0,"35":0,"36":0,"37":0,"38":0,"39":0,"40":0,"41":0,"42":0,"43":0,"44":0,"45":0,"46":0,"47":0,"48":0,"49":0,"50":0,"51":0,"52":0,"53":1,"54":1,"55":1,"56":1,"57":1,"58":1,"59":1,"60":0,"61":0,"62":0,"63":0,"64":0,"65":0,"66":1,"67":1,"68":1,"69":1,"70":1,"71":2,"72":2,"73":1,"74":0,"75":0,"76":2},"f":{"0":0,"1":4,"2":0,"3":0,"4":1,"5":1,"6":2},"b":{"0":[0],"1":[0,0,0,0,0],"2":[4],"3":[4,4],"4":[3,1],"5":[4,4],"6":[0,0],"7":[0,0,0,0],"8":[0,0],"9":[1],"10":[1,0]}}
,"C:\\Users\\tomas\\programacion\\BubbleTeeProject\\backend\\src\\appuser\\infrastructure\\rest\\appuser.router.ts": {"path":"C:\\Users\\tomas\\programacion\\BubbleTeeProject\\backend\\src\\appuser\\infrastructure\\rest\\appuser.router.ts","statementMap":{"0":{"start":{"line":2,"column":0},"end":{"line":2,"column":53}},"1":{"start":{"line":3,"column":0},"end":{"line":3,"column":67}},"2":{"start":{"line":5,"column":0},"end":{"line":5,"column":80}},"3":{"start":{"line":9,"column":0},"end":{"line":9,"column":66}},"4":{"start":{"line":10,"column":0},"end":{"line":10,"column":63}},"5":{"start":{"line":12,"column":15},"end":{"line":12,"column":31}},"6":{"start":{"line":189,"column":19},"end":{"line":189,"column":32}},"7":{"start":{"line":13,"column":45},"end":{"line":13,"column":78}},"8":{"start":{"line":14,"column":41},"end":{"line":14,"column":79}},"9":{"start":{"line":16,"column":0},"end":{"line":18,"column":3}},"10":{"start":{"line":16,"column":54},"end":{"line":18,"column":2}},"11":{"start":{"line":17,"column":4},"end":{"line":17,"column":39}},"12":{"start":{"line":20,"column":0},"end":{"line":39,"column":3}},"13":{"start":{"line":20,"column":61},"end":{"line":39,"column":2}},"14":{"start":{"line":21,"column":4},"end":{"line":38,"column":null}},"15":{"start":{"line":22,"column":8},"end":{"line":22,"column":39}},"16":{"start":{"line":23,"column":30},"end":{"line":29,"column":null}},"17":{"start":{"line":30,"column":24},"end":{"line":30,"column":58}},"18":{"start":{"line":31,"column":28},"end":{"line":31,"column":66}},"19":{"start":{"line":32,"column":8},"end":{"line":32,"column":24}},"20":{"start":{"line":34,"column":33},"end":{"line":36,"column":null}},"21":{"start":{"line":37,"column":8},"end":{"line":37,"column":38}},"22":{"start":{"line":41,"column":0},"end":{"line":69,"column":3}},"23":{"start":{"line":41,"column":60},"end":{"line":69,"column":2}},"24":{"start":{"line":42,"column":4},"end":{"line":42,"column":56}},"25":{"start":{"line":43,"column":4},"end":{"line":68,"column":null}},"26":{"start":{"line":44,"column":30},"end":{"line":47,"column":null}},"27":{"start":{"line":48,"column":22},"end":{"line":48,"column":55}},"28":{"start":{"line":49,"column":8},"end":{"line":61,"column":null}},"29":{"start":{"line":50,"column":12},"end":{"line":50,"column":47}},"30":{"start":{"line":51,"column":12},"end":{"line":51,"column":37}},"31":{"start":{"line":52,"column":12},"end":{"line":52,"column":35}},"32":{"start":{"line":54,"column":32},"end":{"line":54,"column":67}},"33":{"start":{"line":55,"column":12},"end":{"line":55,"column":28}},"34":{"start":{"line":57,"column":37},"end":{"line":59,"column":null}},"35":{"start":{"line":60,"column":12},"end":{"line":60,"column":42}},"36":{"start":{"line":64,"column":33},"end":{"line":66,"column":null}},"37":{"start":{"line":67,"column":8},"end":{"line":67,"column":38}},"38":{"start":{"line":71,"column":0},"end":{"line":106,"column":3}},"39":{"start":{"line":71,"column":68},"end":{"line":106,"column":2}},"40":{"start":{"line":72,"column":4},"end":{"line":105,"column":null}},"41":{"start":{"line":73,"column":8},"end":{"line":73,"column":57}},"42":{"start":{"line":74,"column":30},"end":{"line":79,"column":null}},"43":{"start":{"line":80,"column":42},"end":{"line":80,"column":59}},"44":{"start":{"line":82,"column":8},"end":{"line":99,"column":null}},"45":{"start":{"line":83,"column":55},"end":{"line":85,"column":14}},"46":{"start":{"line":84,"column":16},"end":{"line":84,"column":40}},"47":{"start":{"line":86,"column":12},"end":{"line":98,"column":null}},"48":{"start":{"line":87,"column":16},"end":{"line":97,"column":null}},"49":{"start":{"line":88,"column":36},"end":{"line":88,"column":70}},"50":{"start":{"line":89,"column":44},"end":{"line":89,"column":82}},"51":{"start":{"line":90,"column":20},"end":{"line":90,"column":40}},"52":{"start":{"line":93,"column":45},"end":{"line":95,"column":null}},"53":{"start":{"line":96,"column":20},"end":{"line":96,"column":50}},"54":{"start":{"line":101,"column":33},"end":{"line":103,"column":null}},"55":{"start":{"line":104,"column":8},"end":{"line":104,"column":38}},"56":{"start":{"line":108,"column":0},"end":{"line":140,"column":3}},"57":{"start":{"line":108,"column":71},"end":{"line":140,"column":2}},"58":{"start":{"line":109,"column":4},"end":{"line":139,"column":null}},"59":{"start":{"line":110,"column":8},"end":{"line":110,"column":57}},"60":{"start":{"line":111,"column":30},"end":{"line":114,"column":null}},"61":{"start":{"line":115,"column":42},"end":{"line":115,"column":59}},"62":{"start":{"line":117,"column":8},"end":{"line":133,"column":null}},"63":{"start":{"line":118,"column":55},"end":{"line":120,"column":14}},"64":{"start":{"line":119,"column":16},"end":{"line":119,"column":40}},"65":{"start":{"line":121,"column":12},"end":{"line":132,"column":null}},"66":{"start":{"line":122,"column":16},"end":{"line":131,"column":null}},"67":{"start":{"line":123,"column":36},"end":{"line":123,"column":70}},"68":{"start":{"line":124,"column":20},"end":{"line":124,"column":38}},"69":{"start":{"line":127,"column":45},"end":{"line":129,"column":null}},"70":{"start":{"line":130,"column":20},"end":{"line":130,"column":50}},"71":{"start":{"line":135,"column":33},"end":{"line":137,"column":null}},"72":{"start":{"line":138,"column":8},"end":{"line":138,"column":38}},"73":{"start":{"line":142,"column":0},"end":{"line":152,"column":3}},"74":{"start":{"line":142,"column":74},"end":{"line":152,"column":2}},"75":{"start":{"line":143,"column":4},"end":{"line":151,"column":null}},"76":{"start":{"line":144,"column":25},"end":{"line":144,"column":63}},"77":{"start":{"line":145,"column":8},"end":{"line":145,"column":27}},"78":{"start":{"line":147,"column":33},"end":{"line":149,"column":null}},"79":{"start":{"line":150,"column":8},"end":{"line":150,"column":38}},"80":{"start":{"line":154,"column":0},"end":{"line":174,"column":2}},"81":{"start":{"line":154,"column":73},"end":{"line":173,"column":null}},"82":{"start":{"line":155,"column":4},"end":{"line":172,"column":null}},"83":{"start":{"line":156,"column":8},"end":{"line":156,"column":null}},"84":{"start":{"line":157,"column":8},"end":{"line":166,"column":null}},"85":{"start":{"line":158,"column":31},"end":{"line":158,"column":60}},"86":{"start":{"line":159,"column":28},"end":{"line":159,"column":76}},"87":{"start":{"line":160,"column":12},"end":{"line":160,"column":30}},"88":{"start":{"line":162,"column":37},"end":{"line":164,"column":null}},"89":{"start":{"line":165,"column":12},"end":{"line":165,"column":42}},"90":{"start":{"line":168,"column":33},"end":{"line":170,"column":null}},"91":{"start":{"line":171,"column":8},"end":{"line":171,"column":38}},"92":{"start":{"line":176,"column":0},"end":{"line":187,"column":3}},"93":{"start":{"line":176,"column":88},"end":{"line":187,"column":2}},"94":{"start":{"line":177,"column":4},"end":{"line":186,"column":null}},"95":{"start":{"line":178,"column":27},"end":{"line":178,"column":56}},"96":{"start":{"line":179,"column":24},"end":{"line":179,"column":72}},"97":{"start":{"line":180,"column":8},"end":{"line":180,"column":26}},"98":{"start":{"line":182,"column":33},"end":{"line":184,"column":null}},"99":{"start":{"line":185,"column":8},"end":{"line":185,"column":38}}},"fnMap":{"0":{"name":"(anonymous_8)","decl":{"start":{"line":16,"column":16},"end":{"line":16,"column":23}},"loc":{"start":{"line":16,"column":54},"end":{"line":18,"column":2}}},"1":{"name":"(anonymous_9)","decl":{"start":{"line":16,"column":54},"end":{"line":16,"column":null}},"loc":{"start":{"line":16,"column":54},"end":{"line":18,"column":1}}},"2":{"name":"(anonymous_10)","decl":{"start":{"line":20,"column":23},"end":{"line":20,"column":30}},"loc":{"start":{"line":20,"column":61},"end":{"line":39,"column":2}}},"3":{"name":"(anonymous_11)","decl":{"start":{"line":20,"column":61},"end":{"line":20,"column":null}},"loc":{"start":{"line":20,"column":61},"end":{"line":39,"column":1}}},"4":{"name":"(anonymous_12)","decl":{"start":{"line":41,"column":22},"end":{"line":41,"column":29}},"loc":{"start":{"line":41,"column":60},"end":{"line":69,"column":2}}},"5":{"name":"(anonymous_13)","decl":{"start":{"line":41,"column":60},"end":{"line":41,"column":null}},"loc":{"start":{"line":41,"column":60},"end":{"line":69,"column":1}}},"6":{"name":"(anonymous_14)","decl":{"start":{"line":71,"column":30},"end":{"line":71,"column":37}},"loc":{"start":{"line":71,"column":68},"end":{"line":106,"column":2}}},"7":{"name":"(anonymous_15)","decl":{"start":{"line":71,"column":68},"end":{"line":71,"column":null}},"loc":{"start":{"line":71,"column":68},"end":{"line":106,"column":1}}},"8":{"name":"(anonymous_16)","decl":{"start":{"line":83,"column":114},"end":{"line":83,"column":115}},"loc":{"start":{"line":83,"column":126},"end":{"line":85,"column":13}}},"9":{"name":"(anonymous_17)","decl":{"start":{"line":108,"column":33},"end":{"line":108,"column":40}},"loc":{"start":{"line":108,"column":71},"end":{"line":140,"column":2}}},"10":{"name":"(anonymous_18)","decl":{"start":{"line":108,"column":71},"end":{"line":108,"column":null}},"loc":{"start":{"line":108,"column":71},"end":{"line":140,"column":1}}},"11":{"name":"(anonymous_19)","decl":{"start":{"line":118,"column":114},"end":{"line":118,"column":115}},"loc":{"start":{"line":118,"column":126},"end":{"line":120,"column":13}}},"12":{"name":"(anonymous_20)","decl":{"start":{"line":142,"column":36},"end":{"line":142,"column":43}},"loc":{"start":{"line":142,"column":74},"end":{"line":152,"column":2}}},"13":{"name":"(anonymous_21)","decl":{"start":{"line":142,"column":74},"end":{"line":142,"column":null}},"loc":{"start":{"line":142,"column":74},"end":{"line":152,"column":1}}},"14":{"name":"(anonymous_22)","decl":{"start":{"line":154,"column":35},"end":{"line":154,"column":42}},"loc":{"start":{"line":154,"column":73},"end":{"line":173,"column":null}}},"15":{"name":"(anonymous_23)","decl":{"start":{"line":154,"column":73},"end":{"line":154,"column":null}},"loc":{"start":{"line":154,"column":73},"end":{"line":173,"column":1}}},"16":{"name":"(anonymous_24)","decl":{"start":{"line":176,"column":50},"end":{"line":176,"column":57}},"loc":{"start":{"line":176,"column":88},"end":{"line":187,"column":2}}},"17":{"name":"(anonymous_25)","decl":{"start":{"line":176,"column":88},"end":{"line":176,"column":null}},"loc":{"start":{"line":176,"column":88},"end":{"line":187,"column":1}}}},"branchMap":{"0":{"loc":{"start":{"line":49,"column":8},"end":{"line":61,"column":null}},"type":"if","locations":[{"start":{"line":49,"column":8},"end":{"line":61,"column":null}},{"start":{"line":56,"column":15},"end":{"line":61,"column":null}}]},"1":{"loc":{"start":{"line":82,"column":8},"end":{"line":99,"column":null}},"type":"if","locations":[{"start":{"line":82,"column":8},"end":{"line":99,"column":null}}]},"2":{"loc":{"start":{"line":86,"column":12},"end":{"line":98,"column":null}},"type":"if","locations":[{"start":{"line":86,"column":12},"end":{"line":98,"column":null}}]},"3":{"loc":{"start":{"line":86,"column":16},"end":{"line":86,"column":51}},"type":"binary-expr","locations":[{"start":{"line":86,"column":16},"end":{"line":86,"column":30}},{"start":{"line":86,"column":34},"end":{"line":86,"column":51}}]},"4":{"loc":{"start":{"line":87,"column":16},"end":{"line":97,"column":null}},"type":"if","locations":[{"start":{"line":87,"column":16},"end":{"line":97,"column":null}},{"start":{"line":92,"column":21},"end":{"line":97,"column":null}}]},"5":{"loc":{"start":{"line":117,"column":8},"end":{"line":133,"column":null}},"type":"if","locations":[{"start":{"line":117,"column":8},"end":{"line":133,"column":null}}]},"6":{"loc":{"start":{"line":121,"column":12},"end":{"line":132,"column":null}},"type":"if","locations":[{"start":{"line":121,"column":12},"end":{"line":132,"column":null}}]},"7":{"loc":{"start":{"line":121,"column":16},"end":{"line":121,"column":51}},"type":"binary-expr","locations":[{"start":{"line":121,"column":16},"end":{"line":121,"column":30}},{"start":{"line":121,"column":34},"end":{"line":121,"column":51}}]},"8":{"loc":{"start":{"line":122,"column":16},"end":{"line":131,"column":null}},"type":"if","locations":[{"start":{"line":122,"column":16},"end":{"line":131,"column":null}},{"start":{"line":126,"column":21},"end":{"line":131,"column":null}}]},"9":{"loc":{"start":{"line":157,"column":8},"end":{"line":166,"column":null}},"type":"if","locations":[{"start":{"line":157,"column":8},"end":{"line":166,"column":null}},{"start":{"line":161,"column":15},"end":{"line":166,"column":null}}]}},"s":{"0":2,"1":2,"2":2,"3":2,"4":2,"5":2,"6":2,"7":2,"8":2,"9":2,"10":0,"11":0,"12":2,"13":0,"14":0,"15":0,"16":0,"17":0,"18":0,"19":0,"20":0,"21":0,"22":2,"23":4,"24":4,"25":4,"26":4,"27":4,"28":4,"29":3,"30":3,"31":3,"32":3,"33":3,"34":1,"35":1,"36":0,"37":0,"38":2,"39":0,"40":0,"41":0,"42":0,"43":0,"44":0,"45":0,"46":0,"47":0,"48":0,"49":0,"50":0,"51":0,"52":0,"53":0,"54":0,"55":0,"56":2,"57":0,"58":0,"59":0,"60":0,"61":0,"62":0,"63":0,"64":0,"65":0,"66":0,"67":0,"68":0,"69":0,"70":0,"71":0,"72":0,"73":2,"74":1,"75":1,"76":1,"77":1,"78":0,"79":0,"80":2,"81":2,"82":2,"83":2,"84":2,"85":1,"86":1,"87":1,"88":1,"89":1,"90":0,"91":0,"92":2,"93":0,"94":0,"95":0,"96":0,"97":0,"98":0,"99":0},"f":{"0":0,"1":0,"2":0,"3":0,"4":4,"5":4,"6":0,"7":0,"8":0,"9":0,"10":0,"11":0,"12":1,"13":1,"14":2,"15":2,"16":0,"17":0},"b":{"0":[3,1],"1":[0],"2":[0],"3":[0,0],"4":[0,0],"5":[0],"6":[0],"7":[0,0],"8":[0,0],"9":[1,1]}}
}
