TN:
SF:src\App.ts
FN:16,(anonymous_1)
FNF:1
FNH:1
FNDA:1,(anonymous_1)
DA:1,2
DA:2,2
DA:6,2
DA:8,2
DA:10,2
DA:13,2
DA:15,2
DA:16,2
DA:17,1
DA:32,2
LF:10
LH:10
BRF:0
BRH:0
end_of_record
TN:
SF:src\_context\db\postgres.connector.ts
FN:17,(anonymous_8)
FN:17,(anonymous_9)
FNF:2
FNH:2
FNDA:6,(anonymous_8)
FNDA:6,(anonymous_9)
DA:1,2
DA:2,2
DA:3,2
DA:5,2
DA:6,2
DA:7,2
DA:8,2
DA:10,2
DA:17,6
DA:18,6
DA:19,6
DA:20,6
DA:21,6
DA:24,2
LF:14
LH:14
BRF:0
BRH:0
end_of_record
TN:
SF:src\_context\security\auth.ts
FN:9,(anonymous_1)
FN:21,(anonymous_2)
FN:39,(anonymous_3)
FNF:3
FNH:3
FNDA:3,(anonymous_1)
FNDA:3,(anonymous_2)
FNDA:1,(anonymous_3)
DA:3,2
DA:7,2
DA:9,2
DA:10,3
DA:18,3
DA:21,2
DA:22,3
DA:23,3
DA:24,3
DA:25,3
DA:26,3
DA:27,3
DA:28,3
DA:31,0
DA:32,0
DA:35,0
DA:39,2
DA:40,1
DA:41,1
DA:42,1
DA:45,0
DA:49,2
LF:22
LH:18
BRDA:24,0,0,3
BRDA:24,0,1,3
BRDA:25,1,0,3
BRDA:41,2,0,1
BRDA:41,3,0,1
BRDA:41,3,1,1
BRF:6
BRH:6
end_of_record
TN:
SF:src\_context\security\encrypter.ts
FN:4,(anonymous_1)
FN:8,(anonymous_2)
FNF:2
FNH:1
FNDA:0,(anonymous_1)
FNDA:4,(anonymous_2)
DA:1,2
DA:2,2
DA:4,2
DA:5,0
DA:8,2
DA:9,4
DA:12,2
LF:7
LH:6
BRF:0
BRH:0
end_of_record
TN:
SF:src\appuser\application\appuser.usecases.ts
FN:8,(anonymous_7)
FN:11,(anonymous_8)
FN:14,(anonymous_10)
FN:17,(anonymous_12)
FN:20,(anonymous_14)
FN:23,(anonymous_16)
FN:26,(anonymous_18)
FN:30,(anonymous_20)
FNF:8
FNH:5
FNDA:2,(anonymous_7)
FNDA:0,(anonymous_8)
FNDA:4,(anonymous_10)
FNDA:0,(anonymous_12)
FNDA:0,(anonymous_14)
FNDA:1,(anonymous_16)
FNDA:1,(anonymous_18)
FNDA:3,(anonymous_20)
DA:1,2
DA:6,2
DA:9,2
DA:12,0
DA:15,4
DA:18,0
DA:21,0
DA:24,1
DA:27,1
DA:31,3
DA:38,3
LF:11
LH:8
BRF:0
BRH:0
end_of_record
TN:
SF:src\appuser\infrastructure\db\appuser.repository.postgresql.ts
FN:10,(anonymous_8)
FN:32,(anonymous_10)
FN:67,(anonymous_12)
FN:88,(anonymous_14)
FN:108,(anonymous_16)
FN:142,(anonymous_18)
FN:147,(anonymous_20)
FNF:7
FNH:4
FNDA:0,(anonymous_8)
FNDA:4,(anonymous_10)
FNDA:0,(anonymous_12)
FNDA:0,(anonymous_14)
FNDA:1,(anonymous_16)
FNDA:1,(anonymous_18)
FNDA:2,(anonymous_20)
DA:3,2
DA:5,2
DA:8,2
DA:11,0
DA:12,0
DA:14,0
DA:15,0
DA:16,0
DA:17,0
DA:18,0
DA:19,0
DA:22,0
DA:25,0
DA:28,0
DA:30,0
DA:34,4
DA:35,4
DA:36,4
DA:37,4
DA:39,4
DA:41,3
DA:42,3
DA:43,3
DA:44,3
DA:45,3
DA:46,3
DA:48,1
DA:52,1
DA:55,1
DA:57,1
DA:60,1
DA:65,1
DA:68,0
DA:69,0
DA:70,0
DA:71,0
DA:72,0
DA:73,0
DA:74,0
DA:76,0
DA:78,0
DA:81,0
DA:84,0
DA:86,0
DA:89,0
DA:90,0
DA:91,0
DA:92,0
DA:93,0
DA:94,0
DA:96,0
DA:99,0
DA:102,0
DA:104,0
DA:109,1
DA:110,1
DA:111,1
DA:112,1
DA:113,1
DA:114,1
DA:123,1
DA:126,0
DA:129,0
DA:132,0
DA:135,0
DA:138,0
DA:139,0
DA:143,1
DA:144,1
DA:145,1
DA:146,1
DA:147,1
DA:148,2
DA:156,2
DA:158,1
DA:160,0
DA:162,0
LF:77
LH:35
BRDA:11,0,0,0
BRDA:11,1,0,0
BRDA:11,1,1,0
BRDA:11,1,2,0
BRDA:11,1,3,0
BRDA:11,1,4,0
BRDA:34,2,0,4
BRDA:34,3,0,4
BRDA:34,3,1,4
BRDA:39,4,0,3
BRDA:39,4,1,1
BRDA:39,5,0,4
BRDA:39,5,1,4
BRDA:68,6,0,0
BRDA:68,6,1,0
BRDA:68,7,0,0
BRDA:68,7,1,0
BRDA:68,7,2,0
BRDA:68,7,3,0
BRDA:89,8,0,0
BRDA:89,8,1,0
BRDA:109,9,0,1
BRDA:113,10,0,1
BRDA:113,10,1,0
BRF:24
BRH:9
end_of_record
TN:
SF:src\appuser\infrastructure\rest\appuser.router.ts
FN:16,(anonymous_8)
FN:16,(anonymous_9)
FN:20,(anonymous_10)
FN:20,(anonymous_11)
FN:41,(anonymous_12)
FN:41,(anonymous_13)
FN:71,(anonymous_14)
FN:71,(anonymous_15)
FN:83,(anonymous_16)
FN:108,(anonymous_17)
FN:108,(anonymous_18)
FN:118,(anonymous_19)
FN:142,(anonymous_20)
FN:142,(anonymous_21)
FN:154,(anonymous_22)
FN:154,(anonymous_23)
FN:176,(anonymous_24)
FN:176,(anonymous_25)
FNF:18
FNH:6
FNDA:0,(anonymous_8)
FNDA:0,(anonymous_9)
FNDA:0,(anonymous_10)
FNDA:0,(anonymous_11)
FNDA:4,(anonymous_12)
FNDA:4,(anonymous_13)
FNDA:0,(anonymous_14)
FNDA:0,(anonymous_15)
FNDA:0,(anonymous_16)
FNDA:0,(anonymous_17)
FNDA:0,(anonymous_18)
FNDA:0,(anonymous_19)
FNDA:1,(anonymous_20)
FNDA:1,(anonymous_21)
FNDA:2,(anonymous_22)
FNDA:2,(anonymous_23)
FNDA:0,(anonymous_24)
FNDA:0,(anonymous_25)
DA:2,2
DA:3,2
DA:5,2
DA:9,2
DA:10,2
DA:12,2
DA:13,2
DA:14,2
DA:16,2
DA:17,0
DA:20,2
DA:21,0
DA:22,0
DA:23,0
DA:30,0
DA:31,0
DA:32,0
DA:34,0
DA:37,0
DA:41,4
DA:42,4
DA:43,4
DA:44,4
DA:48,4
DA:49,4
DA:50,3
DA:51,3
DA:52,3
DA:54,3
DA:55,3
DA:57,1
DA:60,1
DA:64,0
DA:67,0
DA:71,2
DA:72,0
DA:73,0
DA:74,0
DA:80,0
DA:82,0
DA:83,0
DA:84,0
DA:86,0
DA:87,0
DA:88,0
DA:89,0
DA:90,0
DA:93,0
DA:96,0
DA:101,0
DA:104,0
DA:108,2
DA:109,0
DA:110,0
DA:111,0
DA:115,0
DA:117,0
DA:118,0
DA:119,0
DA:121,0
DA:122,0
DA:123,0
DA:124,0
DA:127,0
DA:130,0
DA:135,0
DA:138,0
DA:142,2
DA:143,1
DA:144,1
DA:145,1
DA:147,0
DA:150,0
DA:154,2
DA:155,2
DA:156,2
DA:157,2
DA:158,1
DA:159,1
DA:160,1
DA:162,1
DA:165,1
DA:168,0
DA:171,0
DA:176,2
DA:177,0
DA:178,0
DA:179,0
DA:180,0
DA:182,0
DA:185,0
DA:189,2
LF:92
LH:40
BRDA:49,0,0,3
BRDA:49,0,1,1
BRDA:82,1,0,0
BRDA:86,2,0,0
BRDA:86,3,0,0
BRDA:86,3,1,0
BRDA:87,4,0,0
BRDA:87,4,1,0
BRDA:117,5,0,0
BRDA:121,6,0,0
BRDA:121,7,0,0
BRDA:121,7,1,0
BRDA:122,8,0,0
BRDA:122,8,1,0
BRDA:157,9,0,1
BRDA:157,9,1,1
BRF:16
BRH:4
end_of_record
